<?xml version="1.0" encoding="UTF-8"?>
<testsuite xmlns:xsi="http://www.w3.org/2001/XMLSchema-instance" xsi:noNamespaceSchemaLocation="https://maven.apache.org/surefire/maven-failsafe-plugin/xsd/failsafe-test-report-3.0.xsd" version="3.0" name="com.epam.brest.dao.jdbc.EmployeeDaoJdbcIT" time="0.262" tests="5" errors="0" skipped="0" failures="0">
  <properties>
    <property name="java.specification.version" value="15"/>
    <property name="sun.jnu.encoding" value="UTF-8"/>
    <property name="java.class.path" value="/home/aleh/ayaskovich/dao/target/test-classes:/home/aleh/ayaskovich/dao/target/classes:/home/aleh/ayaskovich/model/target/model-1.0-SNAPSHOT.jar:/home/aleh/ayaskovich/dao-api/target/dao-api-1.0-SNAPSHOT.jar:/home/aleh/ayaskovich/test-db/target/test-db-1.0-SNAPSHOT.jar:/home/aleh/.m2/repository/org/springframework/spring-context/5.3.4/spring-context-5.3.4.jar:/home/aleh/.m2/repository/org/springframework/spring-aop/5.3.4/spring-aop-5.3.4.jar:/home/aleh/.m2/repository/org/springframework/spring-expression/5.3.4/spring-expression-5.3.4.jar:/home/aleh/.m2/repository/org/springframework/spring-beans/5.3.4/spring-beans-5.3.4.jar:/home/aleh/.m2/repository/org/springframework/spring-jdbc/5.3.4/spring-jdbc-5.3.4.jar:/home/aleh/.m2/repository/org/springframework/spring-tx/5.3.4/spring-tx-5.3.4.jar:/home/aleh/.m2/repository/com/h2database/h2/1.4.200/h2-1.4.200.jar:/home/aleh/.m2/repository/org/springframework/spring-test/5.3.4/spring-test-5.3.4.jar:/home/aleh/.m2/repository/org/springframework/spring-core/5.3.4/spring-core-5.3.4.jar:/home/aleh/.m2/repository/org/springframework/spring-jcl/5.3.4/spring-jcl-5.3.4.jar:/home/aleh/.m2/repository/org/slf4j/slf4j-api/1.7.30/slf4j-api-1.7.30.jar:/home/aleh/.m2/repository/ch/qos/logback/logback-core/1.2.3/logback-core-1.2.3.jar:/home/aleh/.m2/repository/ch/qos/logback/logback-classic/1.2.3/logback-classic-1.2.3.jar:/home/aleh/.m2/repository/org/junit/jupiter/junit-jupiter-api/5.8.0-M1/junit-jupiter-api-5.8.0-M1.jar:/home/aleh/.m2/repository/org/apiguardian/apiguardian-api/1.1.1/apiguardian-api-1.1.1.jar:/home/aleh/.m2/repository/org/opentest4j/opentest4j/1.2.0/opentest4j-1.2.0.jar:/home/aleh/.m2/repository/org/junit/platform/junit-platform-commons/1.8.0-M1/junit-platform-commons-1.8.0-M1.jar:/home/aleh/.m2/repository/org/junit/jupiter/junit-jupiter-engine/5.8.0-M1/junit-jupiter-engine-5.8.0-M1.jar:/home/aleh/.m2/repository/org/junit/platform/junit-platform-engine/1.8.0-M1/junit-platform-engine-1.8.0-M1.jar:/home/aleh/.m2/repository/org/jetbrains/kotlin/kotlin-stdlib-jdk8/1.4.20/kotlin-stdlib-jdk8-1.4.20.jar:/home/aleh/.m2/repository/org/jetbrains/kotlin/kotlin-stdlib/1.4.20/kotlin-stdlib-1.4.20.jar:/home/aleh/.m2/repository/org/jetbrains/kotlin/kotlin-stdlib-common/1.4.20/kotlin-stdlib-common-1.4.20.jar:/home/aleh/.m2/repository/org/jetbrains/annotations/13.0/annotations-13.0.jar:/home/aleh/.m2/repository/org/jetbrains/kotlin/kotlin-stdlib-jdk7/1.4.20/kotlin-stdlib-jdk7-1.4.20.jar:/home/aleh/.m2/repository/org/mockito/mockito-core/3.8.0/mockito-core-3.8.0.jar:/home/aleh/.m2/repository/net/bytebuddy/byte-buddy/1.10.20/byte-buddy-1.10.20.jar:/home/aleh/.m2/repository/net/bytebuddy/byte-buddy-agent/1.10.20/byte-buddy-agent-1.10.20.jar:/home/aleh/.m2/repository/org/objenesis/objenesis/3.1/objenesis-3.1.jar:"/>
    <property name="java.vm.vendor" value="Amazon.com Inc."/>
    <property name="sun.arch.data.model" value="64"/>
    <property name="java.vendor.url" value="https://aws.amazon.com/corretto/"/>
    <property name="user.timezone" value="Europe/Minsk"/>
    <property name="os.name" value="Linux"/>
    <property name="java.vm.specification.version" value="15"/>
    <property name="sun.java.launcher" value="SUN_STANDARD"/>
    <property name="user.country" value="US"/>
    <property name="sun.boot.library.path" value="/home/aleh/.jdks/corretto-15.0.2/lib"/>
    <property name="sun.java.command" value="/home/aleh/ayaskovich/dao/target/surefire/surefirebooter1558547609168701483.jar /home/aleh/ayaskovich/dao/target/surefire 2021-04-11T16-27-45_428-jvmRun1 surefire3771090615342023577tmp surefire_15315852023217320328tmp"/>
    <property name="jdk.debug" value="release"/>
    <property name="surefire.test.class.path" value="/home/aleh/ayaskovich/dao/target/test-classes:/home/aleh/ayaskovich/dao/target/classes:/home/aleh/ayaskovich/model/target/model-1.0-SNAPSHOT.jar:/home/aleh/ayaskovich/dao-api/target/dao-api-1.0-SNAPSHOT.jar:/home/aleh/ayaskovich/test-db/target/test-db-1.0-SNAPSHOT.jar:/home/aleh/.m2/repository/org/springframework/spring-context/5.3.4/spring-context-5.3.4.jar:/home/aleh/.m2/repository/org/springframework/spring-aop/5.3.4/spring-aop-5.3.4.jar:/home/aleh/.m2/repository/org/springframework/spring-expression/5.3.4/spring-expression-5.3.4.jar:/home/aleh/.m2/repository/org/springframework/spring-beans/5.3.4/spring-beans-5.3.4.jar:/home/aleh/.m2/repository/org/springframework/spring-jdbc/5.3.4/spring-jdbc-5.3.4.jar:/home/aleh/.m2/repository/org/springframework/spring-tx/5.3.4/spring-tx-5.3.4.jar:/home/aleh/.m2/repository/com/h2database/h2/1.4.200/h2-1.4.200.jar:/home/aleh/.m2/repository/org/springframework/spring-test/5.3.4/spring-test-5.3.4.jar:/home/aleh/.m2/repository/org/springframework/spring-core/5.3.4/spring-core-5.3.4.jar:/home/aleh/.m2/repository/org/springframework/spring-jcl/5.3.4/spring-jcl-5.3.4.jar:/home/aleh/.m2/repository/org/slf4j/slf4j-api/1.7.30/slf4j-api-1.7.30.jar:/home/aleh/.m2/repository/ch/qos/logback/logback-core/1.2.3/logback-core-1.2.3.jar:/home/aleh/.m2/repository/ch/qos/logback/logback-classic/1.2.3/logback-classic-1.2.3.jar:/home/aleh/.m2/repository/org/junit/jupiter/junit-jupiter-api/5.8.0-M1/junit-jupiter-api-5.8.0-M1.jar:/home/aleh/.m2/repository/org/apiguardian/apiguardian-api/1.1.1/apiguardian-api-1.1.1.jar:/home/aleh/.m2/repository/org/opentest4j/opentest4j/1.2.0/opentest4j-1.2.0.jar:/home/aleh/.m2/repository/org/junit/platform/junit-platform-commons/1.8.0-M1/junit-platform-commons-1.8.0-M1.jar:/home/aleh/.m2/repository/org/junit/jupiter/junit-jupiter-engine/5.8.0-M1/junit-jupiter-engine-5.8.0-M1.jar:/home/aleh/.m2/repository/org/junit/platform/junit-platform-engine/1.8.0-M1/junit-platform-engine-1.8.0-M1.jar:/home/aleh/.m2/repository/org/jetbrains/kotlin/kotlin-stdlib-jdk8/1.4.20/kotlin-stdlib-jdk8-1.4.20.jar:/home/aleh/.m2/repository/org/jetbrains/kotlin/kotlin-stdlib/1.4.20/kotlin-stdlib-1.4.20.jar:/home/aleh/.m2/repository/org/jetbrains/kotlin/kotlin-stdlib-common/1.4.20/kotlin-stdlib-common-1.4.20.jar:/home/aleh/.m2/repository/org/jetbrains/annotations/13.0/annotations-13.0.jar:/home/aleh/.m2/repository/org/jetbrains/kotlin/kotlin-stdlib-jdk7/1.4.20/kotlin-stdlib-jdk7-1.4.20.jar:/home/aleh/.m2/repository/org/mockito/mockito-core/3.8.0/mockito-core-3.8.0.jar:/home/aleh/.m2/repository/net/bytebuddy/byte-buddy/1.10.20/byte-buddy-1.10.20.jar:/home/aleh/.m2/repository/net/bytebuddy/byte-buddy-agent/1.10.20/byte-buddy-agent-1.10.20.jar:/home/aleh/.m2/repository/org/objenesis/objenesis/3.1/objenesis-3.1.jar:"/>
    <property name="sun.cpu.endian" value="little"/>
    <property name="user.home" value="/home/aleh"/>
    <property name="user.language" value="en"/>
    <property name="java.specification.vendor" value="Oracle Corporation"/>
    <property name="java.version.date" value="2021-01-19"/>
    <property name="java.home" value="/home/aleh/.jdks/corretto-15.0.2"/>
    <property name="file.separator" value="/"/>
    <property name="basedir" value="/home/aleh/ayaskovich/dao"/>
    <property name="java.vm.compressedOopsMode" value="32-bit"/>
    <property name="line.separator" value="&#10;"/>
    <property name="java.vm.specification.vendor" value="Oracle Corporation"/>
    <property name="java.specification.name" value="Java Platform API Specification"/>
    <property name="surefire.real.class.path" value="/home/aleh/ayaskovich/dao/target/surefire/surefirebooter1558547609168701483.jar"/>
    <property name="sun.management.compiler" value="HotSpot 64-Bit Tiered Compilers"/>
    <property name="java.runtime.version" value="15.0.2+7"/>
    <property name="user.name" value="aleh"/>
    <property name="path.separator" value=":"/>
    <property name="os.version" value="5.8.0-48-generic"/>
    <property name="java.runtime.name" value="OpenJDK Runtime Environment"/>
    <property name="file.encoding" value="UTF-8"/>
    <property name="java.vm.name" value="OpenJDK 64-Bit Server VM"/>
    <property name="java.vendor.version" value="Corretto-15.0.2.7.1"/>
    <property name="localRepository" value="/home/aleh/.m2/repository"/>
    <property name="java.vendor.url.bug" value="https://github.com/corretto/corretto-jdk/issues/"/>
    <property name="java.io.tmpdir" value="/tmp"/>
    <property name="idea.version" value="2021.1"/>
    <property name="java.version" value="15.0.2"/>
    <property name="user.dir" value="/home/aleh/ayaskovich/dao"/>
    <property name="os.arch" value="amd64"/>
    <property name="java.vm.specification.name" value="Java Virtual Machine Specification"/>
    <property name="java.library.path" value="/usr/java/packages/lib:/usr/lib64:/lib64:/lib:/usr/lib"/>
    <property name="java.vm.info" value="mixed mode, sharing"/>
    <property name="java.vendor" value="Amazon.com Inc."/>
    <property name="java.vm.version" value="15.0.2+7"/>
    <property name="sun.io.unicode.encoding" value="UnicodeLittle"/>
    <property name="java.class.version" value="59.0"/>
  </properties>
  <testcase name="findAllEmployeesTest" classname="com.epam.brest.dao.jdbc.EmployeeDaoJdbcIT" time="0.033"/>
  <testcase name="createEmployeeTest" classname="com.epam.brest.dao.jdbc.EmployeeDaoJdbcIT" time="0.064"/>
  <testcase name="deleteEmployeeTest" classname="com.epam.brest.dao.jdbc.EmployeeDaoJdbcIT" time="0.052"/>
  <testcase name="findByIdTest" classname="com.epam.brest.dao.jdbc.EmployeeDaoJdbcIT" time="0.032"/>
  <testcase name="updateEmployeeTest" classname="com.epam.brest.dao.jdbc.EmployeeDaoJdbcIT" time="0.029"/>
</testsuite>